{
  error: [96msrc/features/auth/controllers/signin.controller.ts[0m:[93m15[0m:[93m23[0m - [91merror[0m[90m TS7016: [0mCould not find a declaration file for module 'request-ip'. '/Users/abdulsagheer/Desktop/Chatty/chatty-backend/node_modules/request-ip/lib/index.js' implicitly has an 'any' type.
    Try `npm i --save-dev @types/request-ip` if it exists or add a new declaration (.d.ts) file containing `declare module 'request-ip';`
  
  [7m15[0m import requestIp from 'request-ip';
  [7m  [0m [91m                      ~~~~~~~~~~~~[0m
  ,
  level: 'error',
  message: 'uncaughtException: тип Unable to compile TypeScript:\n' +
    "\x1B[96msrc/features/auth/controllers/signin.controller.ts\x1B[0m:\x1B[93m15\x1B[0m:\x1B[93m23\x1B[0m - \x1B[91merror\x1B[0m\x1B[90m TS7016: \x1B[0mCould not find a declaration file for module 'request-ip'. '/Users/abdulsagheer/Desktop/Chatty/chatty-backend/node_modules/request-ip/lib/index.js' implicitly has an 'any' type.\n" +
    "  Try `npm i --save-dev @types/request-ip` if it exists or add a new declaration (.d.ts) file containing `declare module 'request-ip';`\n" +
    '\n' +
    "\x1B[7m15\x1B[0m import requestIp from 'request-ip';\n" +
    '\x1B[7m  \x1B[0m \x1B[91m                      ~~~~~~~~~~~~\x1B[0m\n' +
    '\n' +
    'TSError: тип Unable to compile TypeScript:\n' +
    "\x1B[96msrc/features/auth/controllers/signin.controller.ts\x1B[0m:\x1B[93m15\x1B[0m:\x1B[93m23\x1B[0m - \x1B[91merror\x1B[0m\x1B[90m TS7016: \x1B[0mCould not find a declaration file for module 'request-ip'. '/Users/abdulsagheer/Desktop/Chatty/chatty-backend/node_modules/request-ip/lib/index.js' implicitly has an 'any' type.\n" +
    "  Try `npm i --save-dev @types/request-ip` if it exists or add a new declaration (.d.ts) file containing `declare module 'request-ip';`\n" +
    '\n' +
    "\x1B[7m15\x1B[0m import requestIp from 'request-ip';\n" +
    '\x1B[7m  \x1B[0m \x1B[91m                      ~~~~~~~~~~~~\x1B[0m\n' +
    '\n' +
    '    at createTSError (/Users/abdulsagheer/Desktop/Chatty/chatty-backend/node_modules/ts-node/src/index.ts:859:12)\n' +
    '    at reportTSError (/Users/abdulsagheer/Desktop/Chatty/chatty-backend/node_modules/ts-node/src/index.ts:863:19)\n' +
    '    at getOutput (/Users/abdulsagheer/Desktop/Chatty/chatty-backend/node_modules/ts-node/src/index.ts:1077:36)\n' +
    '    at Object.compile (/Users/abdulsagheer/Desktop/Chatty/chatty-backend/node_modules/ts-node/src/index.ts:1433:41)\n' +
    '    at Module.m._compile (/Users/abdulsagheer/Desktop/Chatty/chatty-backend/node_modules/ts-node/src/index.ts:1617:30)\n' +
    '    at Module._extensions..js (node:internal/modules/cjs/loader:1416:10)\n' +
    '    at Object.require.extensions.<computed> [as .ts] (/Users/abdulsagheer/Desktop/Chatty/chatty-backend/node_modules/ts-node/src/index.ts:1621:12)\n' +
    '    at Module.load (node:internal/modules/cjs/loader:1208:32)\n' +
    '    at Function.Module._load (node:internal/modules/cjs/loader:1024:12)\n' +
    '    at Module.require (node:internal/modules/cjs/loader:1233:19)',
  stack: 'TSError: тип Unable to compile TypeScript:\n' +
    "\x1B[96msrc/features/auth/controllers/signin.controller.ts\x1B[0m:\x1B[93m15\x1B[0m:\x1B[93m23\x1B[0m - \x1B[91merror\x1B[0m\x1B[90m TS7016: \x1B[0mCould not find a declaration file for module 'request-ip'. '/Users/abdulsagheer/Desktop/Chatty/chatty-backend/node_modules/request-ip/lib/index.js' implicitly has an 'any' type.\n" +
    "  Try `npm i --save-dev @types/request-ip` if it exists or add a new declaration (.d.ts) file containing `declare module 'request-ip';`\n" +
    '\n' +
    "\x1B[7m15\x1B[0m import requestIp from 'request-ip';\n" +
    '\x1B[7m  \x1B[0m \x1B[91m                      ~~~~~~~~~~~~\x1B[0m\n' +
    '\n' +
    '    at createTSError (/Users/abdulsagheer/Desktop/Chatty/chatty-backend/node_modules/ts-node/src/index.ts:859:12)\n' +
    '    at reportTSError (/Users/abdulsagheer/Desktop/Chatty/chatty-backend/node_modules/ts-node/src/index.ts:863:19)\n' +
    '    at getOutput (/Users/abdulsagheer/Desktop/Chatty/chatty-backend/node_modules/ts-node/src/index.ts:1077:36)\n' +
    '    at Object.compile (/Users/abdulsagheer/Desktop/Chatty/chatty-backend/node_modules/ts-node/src/index.ts:1433:41)\n' +
    '    at Module.m._compile (/Users/abdulsagheer/Desktop/Chatty/chatty-backend/node_modules/ts-node/src/index.ts:1617:30)\n' +
    '    at Module._extensions..js (node:internal/modules/cjs/loader:1416:10)\n' +
    '    at Object.require.extensions.<computed> [as .ts] (/Users/abdulsagheer/Desktop/Chatty/chatty-backend/node_modules/ts-node/src/index.ts:1621:12)\n' +
    '    at Module.load (node:internal/modules/cjs/loader:1208:32)\n' +
    '    at Function.Module._load (node:internal/modules/cjs/loader:1024:12)\n' +
    '    at Module.require (node:internal/modules/cjs/loader:1233:19)',
  exception: true,
  date: 'Sat Jul 13 2024 19:44:28 GMT+0530 (India Standard Time)',
  process: {
    pid: 35972,
    uid: 501,
    gid: 20,
    cwd: '/Users/abdulsagheer/Desktop/Chatty/chatty-backend',
    execPath: '/usr/local/bin/node',
    version: 'v20.13.1',
    argv: [
      '/Users/abdulsagheer/Desktop/Chatty/chatty-backend/node_modules/.bin/ts-node',
      '/Users/abdulsagheer/Desktop/Chatty/chatty-backend/src/server.ts'
    ],
    memoryUsage: {
      rss: 497860608,
      heapTotal: 360218624,
      heapUsed: 327202536,
      external: 23614941,
      arrayBuffers: 20694575
    }
  },
  os: {
    loadavg: [ 5.232421875, 4.1201171875, 3.90869140625 ],
    uptime: 31371
  },
  trace: [
    {
      column: 12,
      file: '/Users/abdulsagheer/Desktop/Chatty/chatty-backend/node_modules/ts-node/src/index.ts',
      function: 'createTSError',
      line: 859,
      method: null,
      native: false
    },
    {
      column: 19,
      file: '/Users/abdulsagheer/Desktop/Chatty/chatty-backend/node_modules/ts-node/src/index.ts',
      function: 'reportTSError',
      line: 863,
      method: null,
      native: false
    },
    {
      column: 36,
      file: '/Users/abdulsagheer/Desktop/Chatty/chatty-backend/node_modules/ts-node/src/index.ts',
      function: 'getOutput',
      line: 1077,
      method: null,
      native: false
    },
    {
      column: 41,
      file: '/Users/abdulsagheer/Desktop/Chatty/chatty-backend/node_modules/ts-node/src/index.ts',
      function: 'Object.compile',
      line: 1433,
      method: 'compile',
      native: false
    },
    {
      column: 30,
      file: '/Users/abdulsagheer/Desktop/Chatty/chatty-backend/node_modules/ts-node/src/index.ts',
      function: 'Module.m._compile',
      line: 1617,
      method: '_compile',
      native: false
    },
    {
      column: 10,
      file: 'node:internal/modules/cjs/loader',
      function: 'Module._extensions..js',
      line: 1416,
      method: '.js',
      native: false
    },
    {
      column: 12,
      file: '/Users/abdulsagheer/Desktop/Chatty/chatty-backend/node_modules/ts-node/src/index.ts',
      function: 'Object.require.extensions.<computed> [as .ts]',
      line: 1621,
      method: 'ts]',
      native: false
    },
    {
      column: 32,
      file: 'node:internal/modules/cjs/loader',
      function: 'Module.load',
      line: 1208,
      method: 'load',
      native: false
    },
    {
      column: 12,
      file: 'node:internal/modules/cjs/loader',
      function: 'Module._load',
      line: 1024,
      method: '_load',
      native: false
    },
    {
      column: 19,
      file: 'node:internal/modules/cjs/loader',
      function: 'Module.require',
      line: 1233,
      method: 'require',
      native: false
    }
  ],
  timestamp: '2024-07-13 07:44:28.957 PM'
}
